TN:
SF:src/modules/appointments/services/CreateAppointmentService.ts
FN:70,__decorate
FN:70,__metadata
FN:70,__param
FN:70,__awaiter
FN:70,adopt
FN:70,fulfilled
FN:70,rejected
FN:70,step
FN:70,__generator
FN:70,sent
FN:70,g.<computed>
FN:70,verb
FN:70,step
FN:70,__importDefault
FN:18,CreateAppointmentService
FN:25,CreateAppointmentService.execute
FNF:16
FNH:14
FNDA:1,__decorate
FNDA:1,__metadata
FNDA:2,__param
FNDA:7,__awaiter
FNDA:7,adopt
FNDA:7,fulfilled
FNDA:0,rejected
FNDA:9,step
FNDA:7,__generator
FNDA:7,sent
FNDA:0,g.<computed>
FNDA:21,verb
FNDA:14,step
FNDA:1,__importDefault
FNDA:5,CreateAppointmentService
FNDA:7,CreateAppointmentService.execute
DA:1,1
DA:2,1
DA:3,1
DA:4,1
DA:5,1
DA:6,1
DA:7,1
DA:8,1
DA:9,1
DA:10,1
DA:11,1
DA:12,1
DA:13,1
DA:14,1
DA:15,1
DA:16,1
DA:17,1
DA:18,1
DA:19,5
DA:20,5
DA:21,5
DA:22,5
DA:23,5
DA:24,1
DA:25,1
DA:26,7
DA:27,7
DA:28,7
DA:29,7
DA:30,7
DA:31,7
DA:32,7
DA:33,1
DA:34,1
DA:35,7
DA:36,1
DA:37,1
DA:38,5
DA:39,7
DA:40,2
DA:41,2
DA:42,2
DA:43,2
DA:44,3
DA:45,3
DA:46,3
DA:47,3
DA:48,7
DA:49,7
DA:50,1
DA:51,1
DA:52,2
DA:53,2
DA:54,2
DA:55,2
DA:56,2
DA:57,2
DA:58,7
DA:59,7
DA:60,7
DA:61,7
DA:62,7
DA:63,7
DA:64,7
DA:65,7
DA:66,7
DA:67,7
DA:68,1
DA:69,1
DA:70,1
LF:70
LH:70
BRDA:70,0,0,1
BRDA:70,1,0,1
BRDA:70,2,0,0
BRDA:70,3,0,0
BRDA:70,4,0,0
BRDA:70,5,0,0
BRDA:70,6,0,1
BRDA:70,7,0,2
BRDA:70,8,0,2
BRDA:70,9,0,7
BRDA:70,10,0,7
BRDA:70,11,0,0
BRDA:70,12,0,7
BRDA:70,13,0,7
BRDA:70,14,0,1
BRDA:70,15,0,9
BRDA:70,16,0,2
BRDA:70,17,0,7
BRDA:70,18,0,7
BRDA:70,19,0,7
BRDA:70,20,0,0
BRDA:70,21,0,21
BRDA:70,22,0,14
BRDA:70,23,0,14
BRDA:70,24,0,0
BRDA:70,25,0,28
BRDA:70,26,0,0
BRDA:70,27,0,0
BRDA:70,28,0,0
BRDA:70,29,0,0
BRDA:70,30,0,14
BRDA:70,31,0,14
BRDA:70,32,0,7
BRDA:70,33,0,0
BRDA:70,34,0,0
BRDA:70,35,0,7
BRDA:70,36,0,0
BRDA:70,37,0,2
BRDA:70,38,0,0
BRDA:70,39,0,0
BRDA:70,40,0,0
BRDA:70,41,0,0
BRDA:70,42,0,14
BRDA:70,43,0,5
BRDA:70,44,0,14
BRDA:70,45,0,7
BRDA:70,46,0,5
BRDA:70,47,0,2
BRDA:70,48,0,0
BRDA:70,49,0,1
BRDA:70,50,0,0
BRDA:17,51,0,1
BRDA:18,52,0,5
BRDA:25,53,0,7
BRDA:70,54,0,7
BRDA:70,55,0,14
BRDA:70,56,0,7
BRDA:32,57,0,1
BRDA:34,58,0,6
BRDA:35,59,0,1
BRDA:37,60,0,5
BRDA:39,61,0,4
BRDA:39,62,0,2
BRDA:43,63,0,3
BRDA:70,64,0,3
BRDA:49,65,0,1
BRDA:51,66,0,2
BRDA:70,67,0,2
BRDA:70,68,0,2
BRF:69
BRH:49
end_of_record
TN:
SF:src/modules/appointments/services/ListProviderAppointmentsService.ts
FN:39,__decorate
FN:39,__metadata
FN:39,__param
FN:39,__awaiter
FN:39,adopt
FN:39,fulfilled
FN:39,rejected
FN:39,step
FN:39,__generator
FN:39,sent
FN:39,g.<computed>
FN:39,verb
FN:39,step
FN:15,ListProviderAppointmentsService
FN:20,ListProviderAppointmentsService.execute
FNF:15
FNH:13
FNDA:1,__decorate
FNDA:1,__metadata
FNDA:1,__param
FNDA:1,__awaiter
FNDA:1,adopt
FNDA:1,fulfilled
FNDA:0,rejected
FNDA:2,step
FNDA:1,__generator
FNDA:1,sent
FNDA:0,g.<computed>
FNDA:3,verb
FNDA:2,step
FNDA:1,ListProviderAppointmentsService
FNDA:1,ListProviderAppointmentsService.execute
DA:1,1
DA:2,1
DA:3,1
DA:4,1
DA:5,1
DA:6,1
DA:7,1
DA:8,1
DA:9,1
DA:10,1
DA:11,1
DA:12,1
DA:13,1
DA:14,1
DA:15,1
DA:16,1
DA:17,1
DA:18,1
DA:19,1
DA:20,1
DA:21,1
DA:22,1
DA:23,1
DA:24,1
DA:25,1
DA:26,1
DA:27,1
DA:28,1
DA:29,1
DA:30,1
DA:31,1
DA:32,1
DA:33,1
DA:34,1
DA:35,1
DA:36,1
DA:37,1
DA:38,1
DA:39,1
LF:39
LH:39
BRDA:39,0,0,1
BRDA:39,1,0,1
BRDA:39,2,0,0
BRDA:39,3,0,0
BRDA:39,4,0,0
BRDA:39,5,0,0
BRDA:39,6,0,1
BRDA:39,7,0,1
BRDA:39,8,0,1
BRDA:39,9,0,1
BRDA:39,10,0,1
BRDA:39,11,0,0
BRDA:39,12,0,1
BRDA:39,13,0,1
BRDA:39,14,0,0
BRDA:39,15,0,2
BRDA:39,16,0,1
BRDA:39,17,0,1
BRDA:39,18,0,1
BRDA:39,19,0,1
BRDA:39,20,0,0
BRDA:39,21,0,3
BRDA:39,22,0,2
BRDA:39,23,0,2
BRDA:39,24,0,0
BRDA:39,25,0,4
BRDA:39,26,0,0
BRDA:39,27,0,0
BRDA:39,28,0,0
BRDA:39,29,0,0
BRDA:39,30,0,2
BRDA:39,31,0,2
BRDA:39,32,0,1
BRDA:39,33,0,0
BRDA:39,34,0,0
BRDA:39,35,0,1
BRDA:39,36,0,0
BRDA:39,37,0,0
BRDA:39,38,0,0
BRDA:39,39,0,0
BRDA:39,40,0,0
BRDA:39,41,0,2
BRDA:39,42,0,0
BRDA:39,43,0,2
BRDA:39,44,0,1
BRDA:39,45,0,0
BRDA:39,46,0,1
BRDA:39,47,0,0
BRDA:14,48,0,1
BRDA:15,49,0,1
BRDA:20,50,0,1
BRDA:39,51,0,1
BRDA:39,52,0,2
BRDA:26,53,0,1
BRDA:39,54,0,1
BRF:55
BRH:33
end_of_record
TN:
SF:src/modules/appointments/services/ListProviderDayAvailabilityService.ts
FN:68,__decorate
FN:68,__metadata
FN:68,__param
FN:68,__awaiter
FN:68,adopt
FN:68,fulfilled
FN:68,rejected
FN:68,step
FN:68,__generator
FN:68,sent
FN:68,g.<computed>
FN:68,verb
FN:68,step
FN:20,ListProviderDayAvailabilityService
FN:25,ListProviderDayAvailabilityService.execute
FNF:15
FNH:13
FNDA:1,__decorate
FNDA:1,__metadata
FNDA:1,__param
FNDA:1,__awaiter
FNDA:1,adopt
FNDA:1,fulfilled
FNDA:0,rejected
FNDA:2,step
FNDA:1,__generator
FNDA:1,sent
FNDA:0,g.<computed>
FNDA:3,verb
FNDA:2,step
FNDA:1,ListProviderDayAvailabilityService
FNDA:1,ListProviderDayAvailabilityService.execute
DA:1,1
DA:2,1
DA:3,1
DA:4,1
DA:5,1
DA:6,1
DA:7,1
DA:8,1
DA:9,1
DA:10,1
DA:11,1
DA:12,1
DA:13,1
DA:14,1
DA:15,1
DA:16,1
DA:17,1
DA:18,1
DA:19,1
DA:20,1
DA:21,1
DA:22,1
DA:23,1
DA:24,1
DA:25,1
DA:26,1
DA:27,1
DA:28,1
DA:29,1
DA:30,1
DA:31,1
DA:32,1
DA:33,1
DA:34,1
DA:35,1
DA:36,1
DA:37,1
DA:38,1
DA:39,1
DA:40,1
DA:41,1
DA:42,1
DA:43,1
DA:44,1
DA:45,1
DA:46,1
DA:47,1
DA:48,1
DA:49,1
DA:50,1
DA:51,1
DA:52,10
DA:53,10
DA:54,10
DA:55,10
DA:56,10
DA:57,10
DA:58,10
DA:59,10
DA:60,10
DA:61,10
DA:62,1
DA:63,1
DA:64,1
DA:65,1
DA:66,1
DA:67,1
DA:68,1
LF:68
LH:68
BRDA:68,0,0,1
BRDA:68,1,0,1
BRDA:68,2,0,0
BRDA:68,3,0,0
BRDA:68,4,0,0
BRDA:68,5,0,0
BRDA:68,6,0,1
BRDA:68,7,0,1
BRDA:68,8,0,1
BRDA:68,9,0,1
BRDA:68,10,0,1
BRDA:68,11,0,0
BRDA:68,12,0,1
BRDA:68,13,0,1
BRDA:68,14,0,0
BRDA:68,15,0,2
BRDA:68,16,0,1
BRDA:68,17,0,1
BRDA:68,18,0,1
BRDA:68,19,0,1
BRDA:68,20,0,0
BRDA:68,21,0,3
BRDA:68,22,0,2
BRDA:68,23,0,2
BRDA:68,24,0,0
BRDA:68,25,0,4
BRDA:68,26,0,0
BRDA:68,27,0,0
BRDA:68,28,0,0
BRDA:68,29,0,0
BRDA:68,30,0,2
BRDA:68,31,0,2
BRDA:68,32,0,1
BRDA:68,33,0,0
BRDA:68,34,0,0
BRDA:68,35,0,1
BRDA:68,36,0,0
BRDA:68,37,0,0
BRDA:68,38,0,0
BRDA:68,39,0,0
BRDA:68,40,0,0
BRDA:68,41,0,2
BRDA:68,42,0,0
BRDA:68,43,0,2
BRDA:68,44,0,1
BRDA:68,45,0,0
BRDA:68,46,0,1
BRDA:68,47,0,0
BRDA:19,48,0,1
BRDA:20,49,0,1
BRDA:25,50,0,1
BRDA:68,51,0,1
BRDA:68,52,0,2
BRDA:31,53,0,1
BRDA:68,54,0,1
BRDA:46,55,0,10
BRDA:51,56,0,10
BRDA:60,57,0,8
BRDA:53,58,0,19
BRF:59
BRH:37
end_of_record
TN:
SF:src/modules/appointments/services/ListProviderMonthAvailabilityService.ts
FN:59,__decorate
FN:59,__metadata
FN:59,__param
FN:59,__awaiter
FN:59,adopt
FN:59,fulfilled
FN:59,rejected
FN:59,step
FN:59,__generator
FN:59,sent
FN:59,g.<computed>
FN:59,verb
FN:59,step
FN:19,ListProviderMonthAvailabilityService
FN:24,ListProviderMonthAvailabilityService.execute
FNF:15
FNH:13
FNDA:1,__decorate
FNDA:1,__metadata
FNDA:1,__param
FNDA:1,__awaiter
FNDA:1,adopt
FNDA:1,fulfilled
FNDA:0,rejected
FNDA:2,step
FNDA:1,__generator
FNDA:1,sent
FNDA:0,g.<computed>
FNDA:3,verb
FNDA:2,step
FNDA:1,ListProviderMonthAvailabilityService
FNDA:1,ListProviderMonthAvailabilityService.execute
DA:1,1
DA:2,1
DA:3,1
DA:4,1
DA:5,1
DA:6,1
DA:7,1
DA:8,1
DA:9,1
DA:10,1
DA:11,1
DA:12,1
DA:13,1
DA:14,1
DA:15,1
DA:16,1
DA:17,1
DA:18,1
DA:19,1
DA:20,1
DA:21,1
DA:22,1
DA:23,1
DA:24,1
DA:25,1
DA:26,1
DA:27,1
DA:28,1
DA:29,1
DA:30,1
DA:31,1
DA:32,1
DA:33,1
DA:34,1
DA:35,1
DA:36,1
DA:37,1
DA:38,1
DA:39,1
DA:40,1
DA:41,1
DA:42,1
DA:43,1
DA:44,1
DA:45,30
DA:46,330
DA:47,30
DA:48,30
DA:49,30
DA:50,30
DA:51,30
DA:52,30
DA:53,1
DA:54,1
DA:55,1
DA:56,1
DA:57,1
DA:58,1
DA:59,1
LF:59
LH:59
BRDA:59,0,0,1
BRDA:59,1,0,1
BRDA:59,2,0,0
BRDA:59,3,0,0
BRDA:59,4,0,0
BRDA:59,5,0,0
BRDA:59,6,0,1
BRDA:59,7,0,1
BRDA:59,8,0,1
BRDA:59,9,0,1
BRDA:59,10,0,1
BRDA:59,11,0,0
BRDA:59,12,0,1
BRDA:59,13,0,1
BRDA:59,14,0,0
BRDA:59,15,0,2
BRDA:59,16,0,1
BRDA:59,17,0,1
BRDA:59,18,0,1
BRDA:59,19,0,1
BRDA:59,20,0,0
BRDA:59,21,0,3
BRDA:59,22,0,2
BRDA:59,23,0,2
BRDA:59,24,0,0
BRDA:59,25,0,4
BRDA:59,26,0,0
BRDA:59,27,0,0
BRDA:59,28,0,0
BRDA:59,29,0,0
BRDA:59,30,0,2
BRDA:59,31,0,2
BRDA:59,32,0,1
BRDA:59,33,0,0
BRDA:59,34,0,0
BRDA:59,35,0,1
BRDA:59,36,0,0
BRDA:59,37,0,0
BRDA:59,38,0,0
BRDA:59,39,0,0
BRDA:59,40,0,0
BRDA:59,41,0,2
BRDA:59,42,0,0
BRDA:59,43,0,2
BRDA:59,44,0,1
BRDA:59,45,0,0
BRDA:59,46,0,1
BRDA:59,47,0,0
BRDA:18,48,0,1
BRDA:19,49,0,1
BRDA:24,50,0,1
BRDA:59,51,0,1
BRDA:59,52,0,2
BRDA:29,53,0,1
BRDA:59,54,0,1
BRDA:41,55,0,30
BRDA:44,56,0,30
BRDA:45,57,0,330
BRF:58
BRH:36
end_of_record
TN:
SF:src/modules/appointments/services/ListProvidersService.ts
FN:26,__decorate
FN:26,__metadata
FN:26,__param
FN:26,__awaiter
FN:26,adopt
FN:26,fulfilled
FN:26,rejected
FN:26,step
FN:26,__generator
FN:26,sent
FN:26,g.<computed>
FN:26,verb
FN:26,step
FN:12,ListProvidersService
FN:17,ListProvidersService.execute
FNF:15
FNH:13
FNDA:1,__decorate
FNDA:1,__metadata
FNDA:1,__param
FNDA:1,__awaiter
FNDA:1,adopt
FNDA:1,fulfilled
FNDA:0,rejected
FNDA:2,step
FNDA:1,__generator
FNDA:1,sent
FNDA:0,g.<computed>
FNDA:3,verb
FNDA:2,step
FNDA:1,ListProvidersService
FNDA:1,ListProvidersService.execute
DA:1,1
DA:2,1
DA:3,1
DA:4,1
DA:5,1
DA:6,1
DA:7,1
DA:8,1
DA:9,1
DA:10,1
DA:11,1
DA:12,1
DA:13,1
DA:14,1
DA:15,1
DA:16,1
DA:17,1
DA:18,1
DA:19,1
DA:20,1
DA:21,1
DA:22,1
DA:23,1
DA:24,1
DA:25,1
DA:26,1
LF:26
LH:26
BRDA:26,0,0,1
BRDA:26,1,0,1
BRDA:26,2,0,0
BRDA:26,3,0,0
BRDA:26,4,0,0
BRDA:26,5,0,0
BRDA:26,6,0,1
BRDA:26,7,0,1
BRDA:26,8,0,1
BRDA:26,9,0,1
BRDA:26,10,0,1
BRDA:26,11,0,0
BRDA:26,12,0,1
BRDA:26,13,0,1
BRDA:26,14,0,0
BRDA:26,15,0,2
BRDA:26,16,0,1
BRDA:26,17,0,1
BRDA:26,18,0,1
BRDA:26,19,0,1
BRDA:26,20,0,0
BRDA:26,21,0,3
BRDA:26,22,0,2
BRDA:26,23,0,2
BRDA:26,24,0,0
BRDA:26,25,0,4
BRDA:26,26,0,0
BRDA:26,27,0,0
BRDA:26,28,0,0
BRDA:26,29,0,0
BRDA:26,30,0,2
BRDA:26,31,0,2
BRDA:26,32,0,1
BRDA:26,33,0,0
BRDA:26,34,0,0
BRDA:26,35,0,1
BRDA:26,36,0,0
BRDA:26,37,0,0
BRDA:26,38,0,0
BRDA:26,39,0,0
BRDA:26,40,0,0
BRDA:26,41,0,2
BRDA:26,42,0,0
BRDA:26,43,0,2
BRDA:26,44,0,1
BRDA:26,45,0,0
BRDA:26,46,0,1
BRDA:26,47,0,0
BRDA:11,48,0,1
BRDA:12,49,0,1
BRDA:17,50,0,1
BRDA:26,51,0,1
BRDA:26,52,0,2
BRDA:18,53,0,1
BRDA:26,54,0,1
BRF:55
BRH:33
end_of_record
TN:
SF:src/modules/users/services/AuthenticateUserService.ts
FN:61,__decorate
FN:61,__metadata
FN:61,__param
FN:61,__awaiter
FN:61,adopt
FN:61,fulfilled
FN:61,rejected
FN:61,step
FN:61,__generator
FN:61,sent
FN:61,g.<computed>
FN:61,verb
FN:61,step
FN:61,__importDefault
FN:24,AuthenticateUserService
FN:31,AuthenticateUserService.execute
FNF:16
FNH:14
FNDA:1,__decorate
FNDA:1,__metadata
FNDA:2,__param
FNDA:3,__awaiter
FNDA:5,adopt
FNDA:5,fulfilled
FNDA:0,rejected
FNDA:5,step
FNDA:3,__generator
FNDA:5,sent
FNDA:0,g.<computed>
FNDA:9,verb
FNDA:8,step
FNDA:2,__importDefault
FNDA:3,AuthenticateUserService
FNDA:3,AuthenticateUserService.execute
DA:1,1
DA:2,1
DA:3,1
DA:4,1
DA:5,1
DA:6,1
DA:7,1
DA:8,1
DA:9,1
DA:10,1
DA:11,1
DA:12,1
DA:13,1
DA:14,1
DA:15,1
DA:16,1
DA:17,1
DA:18,1
DA:19,1
DA:20,1
DA:21,1
DA:22,1
DA:23,1
DA:24,1
DA:25,3
DA:26,3
DA:27,3
DA:28,3
DA:29,3
DA:30,1
DA:31,1
DA:32,3
DA:33,3
DA:34,3
DA:35,1
DA:36,1
DA:37,2
DA:38,2
DA:39,2
DA:40,2
DA:41,2
DA:42,3
DA:43,3
DA:44,1
DA:45,1
DA:46,1
DA:47,1
DA:48,1
DA:49,1
DA:50,1
DA:51,1
DA:52,1
DA:53,1
DA:54,1
DA:55,1
DA:56,1
DA:57,1
DA:58,3
DA:59,1
DA:60,1
DA:61,1
LF:61
LH:61
BRDA:61,0,0,1
BRDA:61,1,0,1
BRDA:61,2,0,0
BRDA:61,3,0,0
BRDA:61,4,0,0
BRDA:61,5,0,0
BRDA:61,6,0,1
BRDA:61,7,0,2
BRDA:61,8,0,2
BRDA:61,9,0,3
BRDA:61,10,0,5
BRDA:61,11,0,0
BRDA:61,12,0,3
BRDA:61,13,0,5
BRDA:61,14,0,3
BRDA:61,15,0,5
BRDA:61,16,0,0
BRDA:61,17,0,3
BRDA:61,18,0,5
BRDA:61,19,0,0
BRDA:61,20,0,9
BRDA:61,21,0,8
BRDA:61,22,0,8
BRDA:61,23,0,0
BRDA:61,24,0,16
BRDA:61,25,0,0
BRDA:61,26,0,0
BRDA:61,27,0,0
BRDA:61,28,0,0
BRDA:61,29,0,8
BRDA:61,30,0,8
BRDA:61,31,0,5
BRDA:61,32,0,0
BRDA:61,33,0,0
BRDA:61,34,0,3
BRDA:61,35,0,0
BRDA:61,36,0,0
BRDA:61,37,0,0
BRDA:61,38,0,0
BRDA:61,39,0,0
BRDA:61,40,0,0
BRDA:61,41,0,8
BRDA:61,42,0,3
BRDA:61,43,0,8
BRDA:61,44,0,3
BRDA:61,45,0,0
BRDA:61,46,0,0
BRDA:61,47,0,2
BRDA:61,48,0,0
BRDA:23,49,0,1
BRDA:24,50,0,3
BRDA:31,51,0,3
BRDA:61,52,0,3
BRDA:61,53,0,8
BRDA:32,54,0,3
BRDA:61,55,0,3
BRDA:34,56,0,1
BRDA:36,57,0,2
BRDA:61,58,0,2
BRDA:43,59,0,1
BRF:60
BRH:37
end_of_record
TN:
SF:src/modules/users/services/CreateUserService.ts
FN:42,__decorate
FN:42,__metadata
FN:42,__param
FN:42,__awaiter
FN:42,adopt
FN:42,fulfilled
FN:42,rejected
FN:42,step
FN:42,__generator
FN:42,sent
FN:42,g.<computed>
FN:42,verb
FN:42,step
FN:42,__importDefault
FN:16,CreateUserService
FN:23,CreateUserService.execute
FNF:16
FNH:14
FNDA:2,__decorate
FNDA:2,__metadata
FNDA:4,__param
FNDA:5,__awaiter
FNDA:9,adopt
FNDA:9,fulfilled
FNDA:0,rejected
FNDA:13,step
FNDA:5,__generator
FNDA:9,sent
FNDA:0,g.<computed>
FNDA:15,verb
FNDA:14,step
FNDA:2,__importDefault
FNDA:5,CreateUserService
FNDA:5,CreateUserService.execute
DA:1,1
DA:2,1
DA:3,1
DA:4,1
DA:5,1
DA:6,1
DA:7,1
DA:8,1
DA:9,1
DA:10,1
DA:11,1
DA:12,1
DA:13,1
DA:14,1
DA:15,2
DA:16,2
DA:17,5
DA:18,5
DA:19,5
DA:20,5
DA:21,5
DA:22,2
DA:23,2
DA:24,5
DA:25,5
DA:26,5
DA:27,1
DA:28,1
DA:29,4
DA:30,4
DA:31,5
DA:32,5
DA:33,5
DA:34,5
DA:35,5
DA:36,5
DA:37,5
DA:38,5
DA:39,5
DA:40,2
DA:41,1
DA:42,1
LF:42
LH:42
BRDA:42,0,0,2
BRDA:42,1,0,2
BRDA:42,2,0,0
BRDA:42,3,0,0
BRDA:42,4,0,0
BRDA:42,5,0,0
BRDA:42,6,0,2
BRDA:42,7,0,4
BRDA:42,8,0,4
BRDA:42,9,0,5
BRDA:42,10,0,9
BRDA:42,11,0,0
BRDA:42,12,0,5
BRDA:42,13,0,9
BRDA:42,14,0,1
BRDA:42,15,0,13
BRDA:42,16,0,4
BRDA:42,17,0,9
BRDA:42,18,0,5
BRDA:42,19,0,9
BRDA:42,20,0,0
BRDA:42,21,0,15
BRDA:42,22,0,14
BRDA:42,23,0,14
BRDA:42,24,0,0
BRDA:42,25,0,28
BRDA:42,26,0,0
BRDA:42,27,0,0
BRDA:42,28,0,0
BRDA:42,29,0,0
BRDA:42,30,0,14
BRDA:42,31,0,14
BRDA:42,32,0,9
BRDA:42,33,0,0
BRDA:42,34,0,0
BRDA:42,35,0,5
BRDA:42,36,0,0
BRDA:42,37,0,4
BRDA:42,38,0,0
BRDA:42,39,0,0
BRDA:42,40,0,0
BRDA:42,41,0,0
BRDA:42,42,0,14
BRDA:42,43,0,1
BRDA:42,44,0,14
BRDA:42,45,0,5
BRDA:42,46,0,1
BRDA:42,47,0,4
BRDA:42,48,0,0
BRDA:42,49,0,2
BRDA:42,50,0,0
BRDA:15,51,0,2
BRDA:16,52,0,5
BRDA:23,53,0,5
BRDA:42,54,0,5
BRDA:42,55,0,14
BRDA:24,56,0,5
BRDA:42,57,0,5
BRDA:26,58,0,1
BRDA:28,59,0,4
BRDA:42,60,0,4
BRF:61
BRH:41
end_of_record
TN:
SF:src/modules/users/services/ResetPasswordService.ts
FN:52,__decorate
FN:52,__metadata
FN:52,__param
FN:52,__awaiter
FN:52,adopt
FN:52,fulfilled
FN:52,rejected
FN:52,step
FN:52,__generator
FN:52,sent
FN:52,g.<computed>
FN:52,verb
FN:52,step
FN:52,__importDefault
FN:17,ResetPasswordService
FN:26,ResetPasswordService.execute
FNF:16
FNH:14
FNDA:1,__decorate
FNDA:1,__metadata
FNDA:3,__param
FNDA:4,__awaiter
FNDA:9,adopt
FNDA:9,fulfilled
FNDA:0,rejected
FNDA:10,step
FNDA:4,__generator
FNDA:9,sent
FNDA:0,g.<computed>
FNDA:12,verb
FNDA:13,step
FNDA:1,__importDefault
FNDA:4,ResetPasswordService
FNDA:4,ResetPasswordService.execute
DA:1,1
DA:2,1
DA:3,1
DA:4,1
DA:5,1
DA:6,1
DA:7,1
DA:8,1
DA:9,1
DA:10,1
DA:11,1
DA:12,1
DA:13,1
DA:14,1
DA:15,1
DA:16,1
DA:17,1
DA:18,4
DA:19,4
DA:20,4
DA:21,4
DA:22,4
DA:23,4
DA:24,4
DA:25,1
DA:26,1
DA:27,4
DA:28,4
DA:29,4
DA:30,1
DA:31,1
DA:32,3
DA:33,3
DA:34,4
DA:35,4
DA:36,1
DA:37,1
DA:38,2
DA:39,2
DA:40,2
DA:41,2
DA:42,4
DA:43,1
DA:44,1
DA:45,1
DA:46,1
DA:47,4
DA:48,4
DA:49,4
DA:50,1
DA:51,1
DA:52,1
LF:52
LH:52
BRDA:52,0,0,1
BRDA:52,1,0,1
BRDA:52,2,0,0
BRDA:52,3,0,0
BRDA:52,4,0,0
BRDA:52,5,0,0
BRDA:52,6,0,1
BRDA:52,7,0,3
BRDA:52,8,0,3
BRDA:52,9,0,4
BRDA:52,10,0,9
BRDA:52,11,0,0
BRDA:52,12,0,4
BRDA:52,13,0,9
BRDA:52,14,0,3
BRDA:52,15,0,10
BRDA:52,16,0,1
BRDA:52,17,0,9
BRDA:52,18,0,4
BRDA:52,19,0,9
BRDA:52,20,0,0
BRDA:52,21,0,12
BRDA:52,22,0,13
BRDA:52,23,0,13
BRDA:52,24,0,0
BRDA:52,25,0,26
BRDA:52,26,0,0
BRDA:52,27,0,0
BRDA:52,28,0,0
BRDA:52,29,0,0
BRDA:52,30,0,13
BRDA:52,31,0,13
BRDA:52,32,0,9
BRDA:52,33,0,0
BRDA:52,34,0,0
BRDA:52,35,0,4
BRDA:52,36,0,0
BRDA:52,37,0,1
BRDA:52,38,0,0
BRDA:52,39,0,0
BRDA:52,40,0,0
BRDA:52,41,0,0
BRDA:52,42,0,13
BRDA:52,43,0,3
BRDA:52,44,0,13
BRDA:52,45,0,4
BRDA:52,46,0,3
BRDA:52,47,0,1
BRDA:52,48,0,0
BRDA:52,49,0,1
BRDA:52,50,0,0
BRDA:16,51,0,1
BRDA:17,52,0,4
BRDA:26,53,0,4
BRDA:52,54,0,4
BRDA:52,55,0,13
BRDA:27,56,0,4
BRDA:52,57,0,4
BRDA:29,58,0,1
BRDA:31,59,0,3
BRDA:52,60,0,3
BRDA:35,61,0,1
BRDA:37,62,0,2
BRDA:42,63,0,1
BRDA:52,64,0,1
BRDA:52,65,0,1
BRF:66
BRH:46
end_of_record
TN:
SF:src/modules/users/services/SendForgotPasswordEmailService.ts
FN:57,__decorate
FN:57,__metadata
FN:57,__param
FN:57,__awaiter
FN:57,adopt
FN:57,fulfilled
FN:57,rejected
FN:57,step
FN:57,__generator
FN:57,sent
FN:57,g.<computed>
FN:57,verb
FN:57,step
FN:57,__importDefault
FN:15,SendForgotPasswordEmailService
FN:24,SendForgotPasswordEmailService.execute
FNF:16
FNH:14
FNDA:1,__decorate
FNDA:1,__metadata
FNDA:3,__param
FNDA:3,__awaiter
FNDA:7,adopt
FNDA:7,fulfilled
FNDA:0,rejected
FNDA:9,step
FNDA:3,__generator
FNDA:7,sent
FNDA:0,g.<computed>
FNDA:9,verb
FNDA:10,step
FNDA:2,__importDefault
FNDA:3,SendForgotPasswordEmailService
FNDA:3,SendForgotPasswordEmailService.execute
DA:1,1
DA:2,1
DA:3,1
DA:4,1
DA:5,1
DA:6,1
DA:7,1
DA:8,1
DA:9,1
DA:10,1
DA:11,1
DA:12,1
DA:13,1
DA:14,1
DA:15,1
DA:16,3
DA:17,3
DA:18,3
DA:19,3
DA:20,3
DA:21,3
DA:22,3
DA:23,1
DA:24,1
DA:25,3
DA:26,3
DA:27,3
DA:28,1
DA:29,1
DA:30,2
DA:31,2
DA:32,3
DA:33,3
DA:34,3
DA:35,3
DA:36,3
DA:37,3
DA:38,3
DA:39,3
DA:40,3
DA:41,3
DA:42,3
DA:43,3
DA:44,3
DA:45,3
DA:46,3
DA:47,3
DA:48,3
DA:49,3
DA:50,3
DA:51,3
DA:52,3
DA:53,3
DA:54,3
DA:55,1
DA:56,1
DA:57,1
LF:57
LH:57
BRDA:57,0,0,1
BRDA:57,1,0,1
BRDA:57,2,0,0
BRDA:57,3,0,0
BRDA:57,4,0,0
BRDA:57,5,0,0
BRDA:57,6,0,1
BRDA:57,7,0,3
BRDA:57,8,0,3
BRDA:57,9,0,3
BRDA:57,10,0,7
BRDA:57,11,0,0
BRDA:57,12,0,3
BRDA:57,13,0,7
BRDA:57,14,0,1
BRDA:57,15,0,9
BRDA:57,16,0,2
BRDA:57,17,0,7
BRDA:57,18,0,3
BRDA:57,19,0,7
BRDA:57,20,0,0
BRDA:57,21,0,9
BRDA:57,22,0,10
BRDA:57,23,0,10
BRDA:57,24,0,0
BRDA:57,25,0,20
BRDA:57,26,0,0
BRDA:57,27,0,0
BRDA:57,28,0,0
BRDA:57,29,0,0
BRDA:57,30,0,10
BRDA:57,31,0,10
BRDA:57,32,0,7
BRDA:57,33,0,0
BRDA:57,34,0,0
BRDA:57,35,0,3
BRDA:57,36,0,0
BRDA:57,37,0,2
BRDA:57,38,0,0
BRDA:57,39,0,0
BRDA:57,40,0,0
BRDA:57,41,0,0
BRDA:57,42,0,10
BRDA:57,43,0,1
BRDA:57,44,0,10
BRDA:57,45,0,3
BRDA:57,46,0,1
BRDA:57,47,0,2
BRDA:57,48,0,0
BRDA:57,49,0,2
BRDA:57,50,0,1
BRDA:57,51,0,1
BRDA:14,52,0,1
BRDA:15,53,0,3
BRDA:24,54,0,3
BRDA:57,55,0,3
BRDA:57,56,0,10
BRDA:25,57,0,3
BRDA:57,58,0,3
BRDA:27,59,0,1
BRDA:29,60,0,2
BRDA:57,61,0,2
BRDA:57,62,0,2
BRF:63
BRH:44
end_of_record
TN:
SF:src/modules/users/services/ShowProfileService.ts
FN:30,__decorate
FN:30,__metadata
FN:30,__param
FN:30,__awaiter
FN:30,adopt
FN:30,fulfilled
FN:30,rejected
FN:30,step
FN:30,__generator
FN:30,sent
FN:30,g.<computed>
FN:30,verb
FN:30,step
FN:30,__importDefault
FN:14,ShowProfileService
FN:19,ShowProfileService.execute
FNF:16
FNH:14
FNDA:1,__decorate
FNDA:1,__metadata
FNDA:1,__param
FNDA:2,__awaiter
FNDA:2,adopt
FNDA:2,fulfilled
FNDA:0,rejected
FNDA:3,step
FNDA:2,__generator
FNDA:2,sent
FNDA:0,g.<computed>
FNDA:6,verb
FNDA:4,step
FNDA:1,__importDefault
FNDA:2,ShowProfileService
FNDA:2,ShowProfileService.execute
DA:1,1
DA:2,1
DA:3,1
DA:4,1
DA:5,1
DA:6,1
DA:7,1
DA:8,1
DA:9,1
DA:10,1
DA:11,1
DA:12,1
DA:13,1
DA:14,1
DA:15,2
DA:16,2
DA:17,2
DA:18,1
DA:19,1
DA:20,2
DA:21,2
DA:22,2
DA:23,1
DA:24,1
DA:25,1
DA:26,1
DA:27,2
DA:28,1
DA:29,1
DA:30,1
LF:30
LH:30
BRDA:30,0,0,1
BRDA:30,1,0,1
BRDA:30,2,0,0
BRDA:30,3,0,0
BRDA:30,4,0,0
BRDA:30,5,0,0
BRDA:30,6,0,1
BRDA:30,7,0,1
BRDA:30,8,0,1
BRDA:30,9,0,2
BRDA:30,10,0,2
BRDA:30,11,0,0
BRDA:30,12,0,2
BRDA:30,13,0,2
BRDA:30,14,0,1
BRDA:30,15,0,3
BRDA:30,16,0,1
BRDA:30,17,0,2
BRDA:30,18,0,2
BRDA:30,19,0,2
BRDA:30,20,0,0
BRDA:30,21,0,6
BRDA:30,22,0,4
BRDA:30,23,0,4
BRDA:30,24,0,0
BRDA:30,25,0,8
BRDA:30,26,0,0
BRDA:30,27,0,0
BRDA:30,28,0,0
BRDA:30,29,0,0
BRDA:30,30,0,4
BRDA:30,31,0,4
BRDA:30,32,0,2
BRDA:30,33,0,0
BRDA:30,34,0,0
BRDA:30,35,0,2
BRDA:30,36,0,0
BRDA:30,37,0,1
BRDA:30,38,0,0
BRDA:30,39,0,0
BRDA:30,40,0,0
BRDA:30,41,0,0
BRDA:30,42,0,4
BRDA:30,43,0,1
BRDA:30,44,0,4
BRDA:30,45,0,2
BRDA:30,46,0,1
BRDA:30,47,0,0
BRDA:30,48,0,1
BRDA:30,49,0,0
BRDA:13,50,0,1
BRDA:14,51,0,2
BRDA:19,52,0,2
BRDA:30,53,0,2
BRDA:30,54,0,4
BRDA:20,55,0,2
BRDA:30,56,0,2
BRDA:22,57,0,1
BRF:58
BRH:38
end_of_record
TN:
SF:src/modules/users/services/UpdateProfileService.ts
FN:71,__decorate
FN:71,__metadata
FN:71,__param
FN:71,__awaiter
FN:71,adopt
FN:71,fulfilled
FN:71,rejected
FN:71,step
FN:71,__generator
FN:71,sent
FN:71,g.<computed>
FN:71,verb
FN:71,step
FN:71,__importDefault
FN:19,UpdateProfileService
FN:26,UpdateProfileService.execute
FNF:16
FNH:14
FNDA:1,__decorate
FNDA:1,__metadata
FNDA:2,__param
FNDA:6,__awaiter
FNDA:14,adopt
FNDA:14,fulfilled
FNDA:0,rejected
FNDA:16,step
FNDA:6,__generator
FNDA:14,sent
FNDA:0,g.<computed>
FNDA:18,verb
FNDA:20,step
FNDA:1,__importDefault
FNDA:6,UpdateProfileService
FNDA:6,UpdateProfileService.execute
DA:1,1
DA:2,1
DA:3,1
DA:4,1
DA:5,1
DA:6,1
DA:7,1
DA:8,1
DA:9,1
DA:10,1
DA:11,1
DA:12,1
DA:13,1
DA:14,1
DA:15,1
DA:16,1
DA:17,1
DA:18,1
DA:19,1
DA:20,6
DA:21,6
DA:22,6
DA:23,6
DA:24,6
DA:25,1
DA:26,1
DA:27,6
DA:28,6
DA:29,6
DA:30,6
DA:31,6
DA:32,6
DA:33,6
DA:34,6
DA:35,6
DA:36,1
DA:37,1
DA:38,5
DA:39,5
DA:40,6
DA:41,6
DA:42,1
DA:43,1
DA:44,4
DA:45,4
DA:46,4
DA:47,4
DA:48,4
DA:49,6
DA:50,1
DA:51,1
DA:52,1
DA:53,1
DA:54,2
DA:55,2
DA:56,2
DA:57,2
DA:58,2
DA:59,6
DA:60,6
DA:61,1
DA:62,1
DA:63,1
DA:64,1
DA:65,6
DA:66,6
DA:67,6
DA:68,6
DA:69,1
DA:70,1
DA:71,1
LF:71
LH:71
BRDA:71,0,0,1
BRDA:71,1,0,1
BRDA:71,2,0,0
BRDA:71,3,0,0
BRDA:71,4,0,0
BRDA:71,5,0,0
BRDA:71,6,0,1
BRDA:71,7,0,2
BRDA:71,8,0,2
BRDA:71,9,0,6
BRDA:71,10,0,14
BRDA:71,11,0,0
BRDA:71,12,0,6
BRDA:71,13,0,14
BRDA:71,14,0,4
BRDA:71,15,0,16
BRDA:71,16,0,2
BRDA:71,17,0,14
BRDA:71,18,0,6
BRDA:71,19,0,14
BRDA:71,20,0,0
BRDA:71,21,0,18
BRDA:71,22,0,20
BRDA:71,23,0,20
BRDA:71,24,0,0
BRDA:71,25,0,41
BRDA:71,26,0,0
BRDA:71,27,0,0
BRDA:71,28,0,0
BRDA:71,29,0,0
BRDA:71,30,0,20
BRDA:71,31,0,20
BRDA:71,32,0,14
BRDA:71,33,0,0
BRDA:71,34,0,0
BRDA:71,35,0,7
BRDA:71,36,0,0
BRDA:71,37,0,3
BRDA:71,38,0,6
BRDA:71,39,0,1
BRDA:71,40,0,0
BRDA:71,41,0,1
BRDA:71,42,0,0
BRDA:71,43,0,0
BRDA:71,44,0,0
BRDA:71,45,0,21
BRDA:71,46,0,4
BRDA:71,47,0,21
BRDA:71,48,0,6
BRDA:71,49,0,4
BRDA:71,50,0,2
BRDA:71,51,0,0
BRDA:71,52,0,1
BRDA:71,53,0,0
BRDA:18,54,0,1
BRDA:19,55,0,6
BRDA:26,56,0,6
BRDA:71,57,0,6
BRDA:71,58,0,21
BRDA:33,59,0,6
BRDA:71,60,0,6
BRDA:35,61,0,1
BRDA:37,62,0,5
BRDA:71,63,0,5
BRDA:41,64,0,1
BRDA:41,65,0,1
BRDA:43,66,0,4
BRDA:48,67,0,1
BRDA:48,68,0,3
BRDA:49,69,0,1
BRDA:53,70,0,2
BRDA:71,71,0,2
BRDA:60,72,0,1
BRDA:71,73,0,1
BRDA:67,74,0,2
BRF:75
BRH:55
end_of_record
TN:
SF:src/modules/users/services/UpdateUserAvatarService.ts
FN:45,__decorate
FN:45,__metadata
FN:45,__param
FN:45,__awaiter
FN:45,adopt
FN:45,fulfilled
FN:45,rejected
FN:45,step
FN:45,__generator
FN:45,sent
FN:45,g.<computed>
FN:45,verb
FN:45,step
FN:45,__importDefault
FN:17,UpdateUserAvatarService
FN:24,UpdateUserAvatarService.execute
FNF:16
FNH:14
FNDA:1,__decorate
FNDA:1,__metadata
FNDA:2,__param
FNDA:4,__awaiter
FNDA:11,adopt
FNDA:11,fulfilled
FNDA:0,rejected
FNDA:14,step
FNDA:4,__generator
FNDA:11,sent
FNDA:0,g.<computed>
FNDA:12,verb
FNDA:15,step
FNDA:1,__importDefault
FNDA:3,UpdateUserAvatarService
FNDA:4,UpdateUserAvatarService.execute
DA:1,1
DA:2,1
DA:3,1
DA:4,1
DA:5,1
DA:6,1
DA:7,1
DA:8,1
DA:9,1
DA:10,1
DA:11,1
DA:12,1
DA:13,1
DA:14,1
DA:15,1
DA:16,1
DA:17,1
DA:18,3
DA:19,3
DA:20,3
DA:21,3
DA:22,3
DA:23,1
DA:24,1
DA:25,4
DA:26,4
DA:27,4
DA:28,1
DA:29,1
DA:30,3
DA:31,3
DA:32,1
DA:33,4
DA:34,4
DA:35,4
DA:36,4
DA:37,4
DA:38,4
DA:39,4
DA:40,4
DA:41,4
DA:42,4
DA:43,1
DA:44,1
DA:45,1
LF:45
LH:45
BRDA:45,0,0,1
BRDA:45,1,0,1
BRDA:45,2,0,0
BRDA:45,3,0,0
BRDA:45,4,0,0
BRDA:45,5,0,0
BRDA:45,6,0,1
BRDA:45,7,0,2
BRDA:45,8,0,2
BRDA:45,9,0,4
BRDA:45,10,0,11
BRDA:45,11,0,0
BRDA:45,12,0,4
BRDA:45,13,0,11
BRDA:45,14,0,1
BRDA:45,15,0,14
BRDA:45,16,0,3
BRDA:45,17,0,11
BRDA:45,18,0,4
BRDA:45,19,0,11
BRDA:45,20,0,0
BRDA:45,21,0,12
BRDA:45,22,0,15
BRDA:45,23,0,15
BRDA:45,24,0,0
BRDA:45,25,0,32
BRDA:45,26,0,0
BRDA:45,27,0,0
BRDA:45,28,0,0
BRDA:45,29,0,0
BRDA:45,30,0,15
BRDA:45,31,0,15
BRDA:45,32,0,11
BRDA:45,33,0,0
BRDA:45,34,0,0
BRDA:45,35,0,6
BRDA:45,36,0,0
BRDA:45,37,0,5
BRDA:45,38,0,4
BRDA:45,39,0,2
BRDA:45,40,0,0
BRDA:45,41,0,2
BRDA:45,42,0,0
BRDA:45,43,0,0
BRDA:45,44,0,0
BRDA:45,45,0,17
BRDA:45,46,0,1
BRDA:45,47,0,17
BRDA:45,48,0,4
BRDA:45,49,0,1
BRDA:45,50,0,3
BRDA:45,51,0,0
BRDA:45,52,0,1
BRDA:45,53,0,0
BRDA:16,54,0,1
BRDA:17,55,0,3
BRDA:24,56,0,4
BRDA:45,57,0,4
BRDA:45,58,0,17
BRDA:25,59,0,4
BRDA:45,60,0,4
BRDA:27,61,0,1
BRDA:29,62,0,3
BRDA:31,63,0,2
BRDA:31,64,0,1
BRDA:45,65,0,1
BRDA:35,66,0,3
BRDA:45,67,0,3
BRDA:45,68,0,3
BRF:69
BRH:49
end_of_record
